\BOOKMARK [0][-]{section*.1}{\376\377\000A\000c\000k\000n\000o\000w\000l\000e\000d\000g\000e\000m\000e\000n\000t\000s}{}% 1
\BOOKMARK [0][-]{section*.3}{\376\377\000A\000c\000k\000n\000o\000w\000l\000e\000d\000g\000e\000m\000e\000n\000t\000s\000\040\000i\000n\000\040\000a\000n\000o\000t\000h\000e\000r\000\040\000l\000a\000n\000g\000u\000a\000g\000e}{}% 2
\BOOKMARK [0][-]{section*.5}{\376\377\000A\000b\000s\000t\000r\000a\000c\000t}{}% 3
\BOOKMARK [0][-]{section*.7}{\376\377\000A\000b\000s\000t\000r\000a\000c\000t\000\040\000i\000n\000\040\000a\000n\000o\000t\000h\000e\000r\000\040\000l\000a\000n\000g\000u\000a\000g\000e}{}% 4
\BOOKMARK [0][-]{section*.9}{\376\377\000A\000c\000r\000o\000n\000y\000m\000s}{}% 5
\BOOKMARK [0][-]{chapter.1}{\376\377\000I\000n\000t\000r\000o\000d\000u\000c\000t\000i\000o\000n}{}% 6
\BOOKMARK [1][-]{section.1.1}{\376\377\000T\000h\000e\000s\000i\000s\000\040\000s\000t\000r\000u\000c\000t\000u\000r\000e}{chapter.1}% 7
\BOOKMARK [1][-]{section.1.2}{\376\377\000M\000o\000t\000i\000v\000a\000t\000i\000o\000n\000s}{chapter.1}% 8
\BOOKMARK [1][-]{section.1.3}{\376\377\000S\000o\000m\000e\000\040\000s\000e\000c\000t\000i\000o\000n\000\040\000w\000i\000t\000h\000\040\000a\000n\000\040\000e\000q\000u\000a\000t\000i\000o\000n\000\040\000a\000n\000d\000\040\000c\000i\000t\000a\000t\000i\000o\000n\000s}{chapter.1}% 9
\BOOKMARK [2][-]{subsection.1.3.1}{\376\377\000A\000\040\000s\000u\000b\000s\000e\000c\000t\000i\000o\000n}{section.1.3}% 10
\BOOKMARK [1][-]{section.1.4}{\376\377\000S\000o\000m\000e\000\040\000s\000e\000c\000t\000i\000o\000n\000\040\000w\000i\000t\000h\000\040\000a\000\040\000f\000i\000g\000u\000r\000e}{chapter.1}% 11
\BOOKMARK [0][-]{chapter.2}{\376\377\000E\000x\000p\000e\000r\000i\000m\000e\000n\000t\000a\000l}{}% 12
\BOOKMARK [1][-]{section.2.1}{\376\377\000S\000o\000m\000e\000t\000h\000i\000n\000g\000\040\000a\000b\000o\000u\000t\000\040\000t\000h\000e\000\040\000e\000x\000p\000e\000r\000i\000m\000e\000n\000t\000\040}{chapter.2}% 13
\BOOKMARK [2][-]{subsection.2.1.1}{\376\377\000A\000\040\000s\000u\000b\000s\000e\000c\000t\000i\000o\000n\000\040\000w\000i\000t\000h\000\040\000a\000\040\000t\000a\000b\000l\000e\000\040}{section.2.1}% 14
\BOOKMARK [2][-]{subsection.2.1.2}{\376\377\000A\000\040\000g\000i\000a\000n\000t\000\040\000c\000o\000m\000p\000l\000i\000c\000a\000t\000e\000d\000\040\000t\000a\000b\000l\000e\000\040\000f\000o\000r\000\040\000a\000\040\000w\000h\000o\000l\000e\000\040\000p\000a\000g\000e}{section.2.1}% 15
\BOOKMARK [0][-]{chapter.3}{\376\377\000G\000o\000a\000l\000s\000\040\000o\000f\000\040\000t\000h\000e\000\040\000t\000h\000e\000s\000i\000s}{}% 16
\BOOKMARK [0][-]{chapter.4}{\376\377\000R\000e\000s\000u\000l\000t\000s}{}% 17
\BOOKMARK [1][-]{section.4.1}{\376\377\000S\000o\000m\000e\000\040\000s\000e\000c\000t\000i\000o\000n}{chapter.4}% 18
\BOOKMARK [2][-]{subsection.4.1.1}{\376\377\000I\000t\000s\000\040\000f\000i\000r\000s\000t\000\040\000s\000u\000b\000s\000e\000c\000t\000i\000o\000n}{section.4.1}% 19
\BOOKMARK [2][-]{subsection.4.1.2}{\376\377\000I\000t\000s\000\040\000s\000e\000c\000o\000n\000d\000\040\000s\000u\000b\000s\000e\000c\000t\000i\000o\000n}{section.4.1}% 20
\BOOKMARK [1][-]{section.4.2}{\376\377\000A\000n\000o\000t\000h\000e\000r\000\040\000s\000e\000c\000t\000i\000o\000n}{chapter.4}% 21
\BOOKMARK [0][-]{chapter.5}{\376\377\000C\000o\000n\000c\000l\000u\000s\000i\000o\000n\000s}{}% 22
\BOOKMARK [0][-]{section*.12}{\376\377\000B\000i\000b\000l\000i\000o\000g\000r\000a\000p\000h\000y}{}% 23
\BOOKMARK [0][-]{section*.14}{\376\377\000A\000p\000p\000e\000n\000d\000i\000x\000:\000\040\000A\000c\000a\000d\000e\000m\000i\000c\000\040\000a\000c\000h\000i\000e\000v\000e\000m\000e\000n\000t\000s}{}% 24
